* using log directory ‘/Users/yaoshengleo/Desktop/newrllama_4_project/newrllama4.Rcheck’
* using R version 4.4.1 (2024-06-14)
* using platform: aarch64-apple-darwin20
* R was compiled by
    Apple clang version 14.0.0 (clang-1400.0.29.202)
    GNU Fortran (GCC) 12.2.0
* running under: macOS 15.5
* using session charset: UTF-8
* using options ‘--no-tests --no-manual --no-vignettes’
* checking for file ‘newrllama4/DESCRIPTION’ ... OK
* checking extension type ... Package
* this is package ‘newrllama4’ version ‘1.0.55’
* package encoding: UTF-8
* checking package namespace information ... OK
* checking package dependencies ... OK
* checking if this is a source package ... WARNING
Subdirectory ‘newrllama4/src’ contains apparent object files/libraries
  init.o interface.o newrllama4.so proxy.o
Object files/libraries should not be included in a source package.
* checking if there is a namespace ... OK
* checking for executable files ... OK
* checking for hidden files and directories ... NOTE
Found the following hidden files and directories:
  .DS_Store
  .Rhistory
  .gitignore
These were most likely included in error. See section ‘Package
structure’ in the ‘Writing R Extensions’ manual.
* checking for portable file names ... OK
* checking for sufficient/correct file permissions ... OK
* checking whether package ‘newrllama4’ can be installed ... OK
* used C++ compiler: ‘Apple clang version 17.0.0 (clang-1700.0.13.5)’
* used SDK: ‘MacOSX15.5.sdk’
* checking C++ specification ... OK
  Not all R platforms support C++17
* checking installed package size ... OK
* checking package directory ... OK
* checking DESCRIPTION meta-information ... NOTE
Checking should be performed on sources prepared by ‘R CMD build’.
* checking top-level files ... OK
* checking for left-over files ... OK
* checking index information ... OK
* checking package subdirectories ... OK
* checking code files for non-ASCII characters ... OK
* checking R files for syntax errors ... OK
* checking whether the package can be loaded ... OK
* checking whether the package can be loaded with stated dependencies ... OK
* checking whether the package can be unloaded cleanly ... OK
* checking whether the namespace can be loaded with stated dependencies ... OK
* checking whether the namespace can be unloaded cleanly ... OK
* checking whether startup messages can be suppressed ... OK
* checking dependencies in R code ... OK
* checking S3 generic/method consistency ... OK
* checking replacement functions ... OK
* checking foreign function calls ... OK
* checking R code for possible problems ... OK
* checking Rd files ... OK
* checking Rd metadata ... OK
* checking Rd cross-references ... OK
* checking for missing documentation entries ... OK
* checking for code/documentation mismatches ... OK
* checking Rd \usage sections ... OK
* checking Rd contents ... OK
* checking for unstated dependencies in examples ... OK
* checking line endings in C/C++/Fortran sources/headers ... NOTE
Found the following sources/headers not terminated with a newline:
  src/init.cpp
  src/newrllama_capi.h
  src/proxy.h
Some compilers warn on such files.
* checking line endings in Makefiles ... NOTE
Found the following Makefile(s) without a final LF:
  src/Makevars
Some ‘make’ programs ignore lines not ending in LF.
* checking compilation flags in Makevars ... OK
* checking for GNU extensions in Makefiles ... OK
* checking for portable use of $(BLAS_LIBS) and $(LAPACK_LIBS) ... OK
* checking use of PKG_*FLAGS in Makefiles ... OK
* checking compiled code ... WARNING
File ‘newrllama4/libs/newrllama4.so’:
  Found ‘_abort’, possibly from ‘abort’ (C)
    Object: ‘interface.o’

Compiled code should not call entry points which might terminate R nor
write to stdout/stderr instead of to the console, nor use Fortran I/O
nor system RNGs nor [v]sprintf.

See ‘Writing portable packages’ in the ‘Writing R Extensions’ manual.
* checking examples ... OK
* checking for unstated dependencies in ‘tests’ ... OK
* checking tests ... SKIPPED
* DONE
Status: 2 WARNINGs, 4 NOTEs
